{"name":"Проверка, что создаётся уточка с материалом rubber","status":"broken","statusDetails":{"known":false,"muted":false,"flaky":false,"message":"Failed to get correlation key for 'citrus_message_correlator_duckService'","trace":"com.consol.citrus.exceptions.TestCaseFailedException: Failed to get correlation key for 'citrus_message_correlator_duckService'\r\n\tat com.consol.citrus.DefaultTestCase.executeAction(DefaultTestCase.java:143)\r\n\tat com.consol.citrus.DefaultTestCaseRunner.run(DefaultTestCaseRunner.java:125)\r\n\tat com.consol.citrus.TestActionRunner.$(TestActionRunner.java:35)\r\n\tat autotests.BaseTest.validateResponseFromPayload(BaseTest.java:102)\r\n\tat autotests.tests.DuckController.CreateTest.DuckCreateWithRubberMaterial(CreateTest.java:32)\r\n\tat java.base/jdk.internal.reflect.NativeMethodAccessorImpl.invoke0(Native Method)\r\n\tat java.base/jdk.internal.reflect.NativeMethodAccessorImpl.invoke(NativeMethodAccessorImpl.java:62)\r\n\tat java.base/jdk.internal.reflect.DelegatingMethodAccessorImpl.invoke(DelegatingMethodAccessorImpl.java:43)\r\n\tat java.base/java.lang.reflect.Method.invoke(Method.java:566)\r\n\tat org.springframework.util.ReflectionUtils.invokeMethod(ReflectionUtils.java:282)\r\n\tat com.consol.citrus.testng.TestNGHelper.lambda$invokeTestMethod$1(TestNGHelper.java:82)\r\n\tat com.consol.citrus.common.DefaultTestLoader.lambda$doLoad$1(DefaultTestLoader.java:116)\r\n\tat java.base/java.util.ArrayList.forEach(ArrayList.java:1541)\r\n\tat com.consol.citrus.common.DefaultTestLoader.doLoad(DefaultTestLoader.java:116)\r\n\tat com.consol.citrus.common.DefaultTestLoader.load(DefaultTestLoader.java:94)\r\n\tat com.consol.citrus.testng.TestNGHelper.invokeTestMethod(TestNGHelper.java:83)\r\n\tat com.consol.citrus.testng.spring.TestNGCitrusSpringSupport.run(TestNGCitrusSpringSupport.java:185)\r\n\tat com.consol.citrus.testng.spring.TestNGCitrusSpringSupport.run(TestNGCitrusSpringSupport.java:101)\r\n\tat org.testng.internal.invokers.MethodInvocationHelper.invokeHookable(MethodInvocationHelper.java:272)\r\n\tat org.testng.internal.invokers.TestInvoker.invokeMethod(TestInvoker.java:669)\r\n\tat org.testng.internal.invokers.TestInvoker.invokeTestMethod(TestInvoker.java:221)\r\n\tat org.testng.internal.invokers.MethodRunner.runInSequence(MethodRunner.java:50)\r\n\tat org.testng.internal.invokers.TestInvoker$MethodInvocationAgent.invoke(TestInvoker.java:969)\r\n\tat org.testng.internal.invokers.TestInvoker.invokeTestMethods(TestInvoker.java:194)\r\n\tat org.testng.internal.invokers.TestMethodWorker.invokeTestMethods(TestMethodWorker.java:148)\r\n\tat org.testng.internal.invokers.TestMethodWorker.run(TestMethodWorker.java:128)\r\n\tat java.base/java.util.ArrayList.forEach(ArrayList.java:1541)\r\n\tat org.testng.TestRunner.privateRun(TestRunner.java:829)\r\n\tat org.testng.TestRunner.run(TestRunner.java:602)\r\n\tat org.testng.SuiteRunner.runTest(SuiteRunner.java:437)\r\n\tat org.testng.SuiteRunner.runSequentially(SuiteRunner.java:431)\r\n\tat org.testng.SuiteRunner.privateRun(SuiteRunner.java:391)\r\n\tat org.testng.SuiteRunner.run(SuiteRunner.java:330)\r\n\tat org.testng.SuiteRunnerWorker.runSuite(SuiteRunnerWorker.java:52)\r\n\tat org.testng.SuiteRunnerWorker.run(SuiteRunnerWorker.java:95)\r\n\tat org.testng.TestNG.runSuitesSequentially(TestNG.java:1256)\r\n\tat org.testng.TestNG.runSuitesLocally(TestNG.java:1176)\r\n\tat org.testng.TestNG.runSuites(TestNG.java:1099)\r\n\tat org.testng.TestNG.run(TestNG.java:1067)\r\n\tat org.gradle.api.internal.tasks.testing.testng.TestNGTestClassProcessor.runTests(TestNGTestClassProcessor.java:153)\r\n\tat org.gradle.api.internal.tasks.testing.testng.TestNGTestClassProcessor.stop(TestNGTestClassProcessor.java:95)\r\n\tat org.gradle.api.internal.tasks.testing.SuiteTestClassProcessor.stop(SuiteTestClassProcessor.java:63)\r\n\tat java.base/jdk.internal.reflect.NativeMethodAccessorImpl.invoke0(Native Method)\r\n\tat java.base/jdk.internal.reflect.NativeMethodAccessorImpl.invoke(NativeMethodAccessorImpl.java:62)\r\n\tat java.base/jdk.internal.reflect.DelegatingMethodAccessorImpl.invoke(DelegatingMethodAccessorImpl.java:43)\r\n\tat java.base/java.lang.reflect.Method.invoke(Method.java:566)\r\n\tat org.gradle.internal.dispatch.ReflectionDispatch.dispatch(ReflectionDispatch.java:36)\r\n\tat org.gradle.internal.dispatch.ReflectionDispatch.dispatch(ReflectionDispatch.java:24)\r\n\tat org.gradle.internal.dispatch.ContextClassLoaderDispatch.dispatch(ContextClassLoaderDispatch.java:33)\r\n\tat org.gradle.internal.dispatch.ProxyDispatchAdapter$DispatchingInvocationHandler.invoke(ProxyDispatchAdapter.java:92)\r\n\tat com.sun.proxy.$Proxy4.stop(Unknown Source)\r\n\tat org.gradle.api.internal.tasks.testing.worker.TestWorker$3.run(TestWorker.java:200)\r\n\tat org.gradle.api.internal.tasks.testing.worker.TestWorker.executeAndMaintainThreadName(TestWorker.java:132)\r\n\tat org.gradle.api.internal.tasks.testing.worker.TestWorker.execute(TestWorker.java:103)\r\n\tat org.gradle.api.internal.tasks.testing.worker.TestWorker.execute(TestWorker.java:63)\r\n\tat org.gradle.process.internal.worker.child.ActionExecutionWorker.execute(ActionExecutionWorker.java:56)\r\n\tat org.gradle.process.internal.worker.child.SystemApplicationClassLoaderWorker.call(SystemApplicationClassLoaderWorker.java:121)\r\n\tat org.gradle.process.internal.worker.child.SystemApplicationClassLoaderWorker.call(SystemApplicationClassLoaderWorker.java:71)\r\n\tat worker.org.gradle.process.internal.worker.GradleWorkerMain.run(GradleWorkerMain.java:69)\r\n\tat worker.org.gradle.process.internal.worker.GradleWorkerMain.main(GradleWorkerMain.java:74)\r\nCaused by: com.consol.citrus.exceptions.CitrusRuntimeException: Failed to get correlation key for 'citrus_message_correlator_duckService'\r\n\tat com.consol.citrus.message.correlation.PollingCorrelationManager.getCorrelationKey(PollingCorrelationManager.java:96)\r\n\tat com.consol.citrus.http.client.HttpClient.receive(HttpClient.java:158)\r\n\tat com.consol.citrus.actions.ReceiveMessageAction.receive(ReceiveMessageAction.java:178)\r\n\tat com.consol.citrus.actions.ReceiveMessageAction.doExecute(ReceiveMessageAction.java:160)\r\n\tat com.consol.citrus.actions.AbstractTestAction.execute(AbstractTestAction.java:59)\r\n\tat com.consol.citrus.DefaultTestCase.executeAction(DefaultTestCase.java:136)\r\n\t... 59 more\r\n"},"stage":"finished","steps":[],"attachments":[],"parameters":[{"name":"arg0","value":"null"}],"start":1738350607539,"stop":1738350608711,"uuid":"789ad4d6-1414-444a-96d9-b10854f23e1a","historyId":"5bfe1b6c8d25020f6c239c864229f16e","fullName":"autotests.tests.DuckController.CreateTest.DuckCreateWithRubberMaterial","labels":[{"name":"package","value":"autotests.tests.DuckController.CreateTest"},{"name":"testClass","value":"autotests.tests.DuckController.CreateTest"},{"name":"testMethod","value":"DuckCreateWithRubberMaterial"},{"name":"parentSuite","value":"Gradle suite"},{"name":"suite","value":"Gradle test"},{"name":"subSuite","value":"autotests.tests.DuckController.CreateTest"},{"name":"host","value":"DESKTOP-TM8CIP2"},{"name":"thread","value":"12772@DESKTOP-TM8CIP2.Test worker(1)"},{"name":"framework","value":"testng"},{"name":"language","value":"java"},{"name":"epic","value":"Тесты на duck-controller"},{"name":"feature","value":"Эндпоинт /api/duck/create"}],"links":[]}